This is pdfTeX, Version 3.14159265-2.6-1.40.19 (MiKTeX 2.9.6630 64-bit) (preloaded format=pdflatex 2018.4.15)  15 DEC 2020 14:23
entering extended mode
**./progress_report_12-12-2020.tex
(progress_report_12-12-2020.tex
LaTeX2e <2017-04-15>
Babel <3.18> and hyphenation patterns for 75 language(s) loaded.
("C:\Program Files\MiKTeX 2.9\tex\latex\base\article.cls"
Document Class: article 2014/09/29 v1.4h Standard LaTeX document class
("C:\Program Files\MiKTeX 2.9\tex\latex\base\size12.clo"
File: size12.clo 2014/09/29 v1.4h Standard LaTeX file (size option)
)
\c@part=\count79
\c@section=\count80
\c@subsection=\count81
\c@subsubsection=\count82
\c@paragraph=\count83
\c@subparagraph=\count84
\c@figure=\count85
\c@table=\count86
\abovecaptionskip=\skip41
\belowcaptionskip=\skip42
\bibindent=\dimen102
)
("C:\Program Files\MiKTeX 2.9\tex\latex\amsmath\amsmath.sty"
Package: amsmath 2017/09/02 v2.17a AMS math features
\@mathmargin=\skip43

For additional information on amsmath, use the `?' option.
("C:\Program Files\MiKTeX 2.9\tex\latex\amsmath\amstext.sty"
Package: amstext 2000/06/29 v2.01 AMS text

("C:\Program Files\MiKTeX 2.9\tex\latex\amsmath\amsgen.sty"
File: amsgen.sty 1999/11/30 v2.0 generic functions
\@emptytoks=\toks14
\ex@=\dimen103
))
("C:\Program Files\MiKTeX 2.9\tex\latex\amsmath\amsbsy.sty"
Package: amsbsy 1999/11/29 v1.2d Bold Symbols
\pmbraise@=\dimen104
)
("C:\Program Files\MiKTeX 2.9\tex\latex\amsmath\amsopn.sty"
Package: amsopn 2016/03/08 v2.02 operator names
)
\inf@bad=\count87
LaTeX Info: Redefining \frac on input line 213.
\uproot@=\count88
\leftroot@=\count89
LaTeX Info: Redefining \overline on input line 375.
\classnum@=\count90
\DOTSCASE@=\count91
LaTeX Info: Redefining \ldots on input line 472.
LaTeX Info: Redefining \dots on input line 475.
LaTeX Info: Redefining \cdots on input line 596.
\Mathstrutbox@=\box26
\strutbox@=\box27
\big@size=\dimen105
LaTeX Font Info:    Redeclaring font encoding OML on input line 712.
LaTeX Font Info:    Redeclaring font encoding OMS on input line 713.
\macc@depth=\count92
\c@MaxMatrixCols=\count93
\dotsspace@=\muskip10
\c@parentequation=\count94
\dspbrk@lvl=\count95
\tag@help=\toks15
\row@=\count96
\column@=\count97
\maxfields@=\count98
\andhelp@=\toks16
\eqnshift@=\dimen106
\alignsep@=\dimen107
\tagshift@=\dimen108
\tagwidth@=\dimen109
\totwidth@=\dimen110
\lineht@=\dimen111
\@envbody=\toks17
\multlinegap=\skip44
\multlinetaggap=\skip45
\mathdisplay@stack=\toks18
LaTeX Info: Redefining \[ on input line 2817.
LaTeX Info: Redefining \] on input line 2818.
)
("C:\Program Files\MiKTeX 2.9\tex\latex\graphics\graphicx.sty"
Package: graphicx 2017/06/01 v1.1a Enhanced LaTeX Graphics (DPC,SPQR)

("C:\Program Files\MiKTeX 2.9\tex\latex\graphics\keyval.sty"
Package: keyval 2014/10/28 v1.15 key=value parser (DPC)
\KV@toks@=\toks19
)
("C:\Program Files\MiKTeX 2.9\tex\latex\graphics\graphics.sty"
Package: graphics 2017/06/25 v1.2c Standard LaTeX Graphics (DPC,SPQR)

("C:\Program Files\MiKTeX 2.9\tex\latex\graphics\trig.sty"
Package: trig 2016/01/03 v1.10 sin cos tan (DPC)
)
("C:\Program Files\MiKTeX 2.9\tex\latex\graphics-cfg\graphics.cfg"
File: graphics.cfg 2016/06/04 v1.11 sample graphics configuration
)
Package graphics Info: Driver file: pdftex.def on input line 99.

("C:\Program Files\MiKTeX 2.9\tex\latex\graphics-def\pdftex.def"
File: pdftex.def 2018/01/08 v1.0l Graphics/color driver for pdftex
))
\Gin@req@height=\dimen112
\Gin@req@width=\dimen113
)
("C:\Program Files\MiKTeX 2.9\tex\latex\float\float.sty"
Package: float 2001/11/08 v1.3d Float enhancements (AL)
\c@float@type=\count99
\float@exts=\toks20
\float@box=\box28
\@float@everytoks=\toks21
\@floatcapt=\box29
)
("C:\Program Files\MiKTeX 2.9\tex\latex\xcolor\xcolor.sty"
Package: xcolor 2016/05/11 v2.12 LaTeX color extensions (UK)

("C:\Program Files\MiKTeX 2.9\tex\latex\graphics-cfg\color.cfg"
File: color.cfg 2016/01/02 v1.6 sample color configuration
)
Package xcolor Info: Driver file: pdftex.def on input line 225.
Package xcolor Info: Model `cmy' substituted by `cmy0' on input line 1348.
Package xcolor Info: Model `hsb' substituted by `rgb' on input line 1352.
Package xcolor Info: Model `RGB' extended on input line 1364.
Package xcolor Info: Model `HTML' substituted by `rgb' on input line 1366.
Package xcolor Info: Model `Hsb' substituted by `hsb' on input line 1367.
Package xcolor Info: Model `tHsb' substituted by `hsb' on input line 1368.
Package xcolor Info: Model `HSB' substituted by `hsb' on input line 1369.
Package xcolor Info: Model `Gray' substituted by `gray' on input line 1370.
Package xcolor Info: Model `wave' substituted by `hsb' on input line 1371.
)
(progress_report_12-12-2020.aux)
\openout1 = `progress_report_12-12-2020.aux'.

LaTeX Font Info:    Checking defaults for OML/cmm/m/it on input line 11.
LaTeX Font Info:    ... okay on input line 11.
LaTeX Font Info:    Checking defaults for T1/cmr/m/n on input line 11.
LaTeX Font Info:    ... okay on input line 11.
LaTeX Font Info:    Checking defaults for OT1/cmr/m/n on input line 11.
LaTeX Font Info:    ... okay on input line 11.
LaTeX Font Info:    Checking defaults for OMS/cmsy/m/n on input line 11.
LaTeX Font Info:    ... okay on input line 11.
LaTeX Font Info:    Checking defaults for OMX/cmex/m/n on input line 11.
LaTeX Font Info:    ... okay on input line 11.
LaTeX Font Info:    Checking defaults for U/cmr/m/n on input line 11.
LaTeX Font Info:    ... okay on input line 11.

(C:\Users\Andy\AppData\Roaming\MiKTeX\2.9\tex\context\base\supp-pdf.mkii
[Loading MPS to PDF converter (version 2006.09.02).]
\scratchcounter=\count100
\scratchdimen=\dimen114
\scratchbox=\box30
\nofMPsegments=\count101
\nofMParguments=\count102
\everyMPshowfont=\toks22
\MPscratchCnt=\count103
\MPscratchDim=\dimen115
\MPnumerator=\count104
\makeMPintoPDFobject=\count105
\everyMPtoPDFconversion=\toks23
) ("C:\Program Files\MiKTeX 2.9\tex\latex\oberdiek\epstopdf-base.sty"
Package: epstopdf-base 2016/05/15 v2.6 Base part for package epstopdf

("C:\Program Files\MiKTeX 2.9\tex\generic\oberdiek\infwarerr.sty"
Package: infwarerr 2016/05/16 v1.4 Providing info/warning/error messages (HO)
)
("C:\Program Files\MiKTeX 2.9\tex\latex\oberdiek\grfext.sty"
Package: grfext 2016/05/16 v1.2 Manage graphics extensions (HO)

("C:\Program Files\MiKTeX 2.9\tex\generic\oberdiek\kvdefinekeys.sty"
Package: kvdefinekeys 2016/05/16 v1.4 Define keys (HO)

("C:\Program Files\MiKTeX 2.9\tex\generic\oberdiek\ltxcmds.sty"
Package: ltxcmds 2016/05/16 v1.23 LaTeX kernel commands for general use (HO)
)))
("C:\Program Files\MiKTeX 2.9\tex\latex\oberdiek\kvoptions.sty"
Package: kvoptions 2016/05/16 v3.12 Key value format for package options (HO)

("C:\Program Files\MiKTeX 2.9\tex\generic\oberdiek\kvsetkeys.sty"
Package: kvsetkeys 2016/05/16 v1.17 Key value parser (HO)

("C:\Program Files\MiKTeX 2.9\tex\generic\oberdiek\etexcmds.sty"
Package: etexcmds 2016/05/16 v1.6 Avoid name clashes with e-TeX commands (HO)

("C:\Program Files\MiKTeX 2.9\tex\generic\oberdiek\ifluatex.sty"
Package: ifluatex 2016/05/16 v1.4 Provides the ifluatex switch (HO)
Package ifluatex Info: LuaTeX not detected.
)
Package etexcmds Info: Could not find \expanded.
(etexcmds)             That can mean that you are not using pdfTeX 1.50 or
(etexcmds)             that some package has redefined \expanded.
(etexcmds)             In the latter case, load this package earlier.
)))
("C:\Program Files\MiKTeX 2.9\tex\generic\oberdiek\pdftexcmds.sty"
Package: pdftexcmds 2018/01/21 v0.26 Utility functions of pdfTeX for LuaTeX (HO
)

("C:\Program Files\MiKTeX 2.9\tex\generic\oberdiek\ifpdf.sty"
Package: ifpdf 2017/03/15 v3.2 Provides the ifpdf switch
)
Package pdftexcmds Info: LuaTeX not detected.
Package pdftexcmds Info: \pdf@primitive is available.
Package pdftexcmds Info: \pdf@ifprimitive is available.
Package pdftexcmds Info: \pdfdraftmode found.
)
Package epstopdf-base Info: Redefining graphics rule for `.eps' on input line 4
38.
Package grfext Info: Graphics extension search list:
(grfext)             [.pdf,.png,.jpg,.mps,.jpeg,.jbig2,.jb2,.PDF,.PNG,.JPG,.JPE
G,.JBIG2,.JB2,.eps]
(grfext)             \AppendGraphicsExtensions on input line 456.
)

LaTeX Warning: No \author given.

(progress_report_12-12-2020.toc)
\tf@toc=\write3
\openout3 = `progress_report_12-12-2020.toc'.

 [1

{C:/Users/Andy/AppData/Local/MiKTeX/2.9/pdftex/config/pdftex.map}] [2]
<figures/Gd2_full_path.png, id=16, 249.18094pt x 361.35pt>
File: figures/Gd2_full_path.png Graphic file (type png)
<use figures/Gd2_full_path.png>
Package pdftex.def Info: figures/Gd2_full_path.png  used on input line 69.
(pdftex.def)             Requested size: 155.99762pt x 226.22365pt.
 [3]
<figures/new_GPCR_model.jpg, id=20, 1254.93843pt x 734.745pt>
File: figures/new_GPCR_model.jpg Graphic file (type jpg)
<use figures/new_GPCR_model.jpg>
Package pdftex.def Info: figures/new_GPCR_model.jpg  used on input line 80.
(pdftex.def)             Requested size: 272.99881pt x 159.83937pt.
 [4 <./figures/Gd2_full_path.png>]
<figures/c_glut_bifurcation_new.png, id=26, 666.49pt x 406.51875pt>
File: figures/c_glut_bifurcation_new.png Graphic file (type png)
<use figures/c_glut_bifurcation_new.png>
Package pdftex.def Info: figures/c_glut_bifurcation_new.png  used on input line
 96.
(pdftex.def)             Requested size: 272.99881pt x 166.51248pt.
 [5 <./figures/new_GPCR_model.jpg>]
LaTeX Font Info:    Try loading font information for OMS+cmr on input line 110.

 ("C:\Program Files\MiKTeX 2.9\tex\latex\base\omscmr.fd"
File: omscmr.fd 2014/09/29 v2.5h Standard LaTeX font definitions
)
LaTeX Font Info:    Font shape `OMS/cmr/m/n' in size <12> not available
(Font)              Font shape `OMS/cmsy/m/n' tried instead on input line 110.

[6 <./figures/c_glut_bifurcation_new.png>]
<figures/gpcr_param_gluts.png, id=35, 1064.97874pt x 738.76pt>
File: figures/gpcr_param_gluts.png Graphic file (type png)
<use figures/gpcr_param_gluts.png>
Package pdftex.def Info: figures/gpcr_param_gluts.png  used on input line 119.
(pdftex.def)             Requested size: 390.0pt x 270.53004pt.
<figures/gpcr_param_times.png, id=36, 1084.05pt x 738.76pt>
File: figures/gpcr_param_times.png Graphic file (type png)
<use figures/gpcr_param_times.png>
Package pdftex.def Info: figures/gpcr_param_times.png  used on input line 126.
(pdftex.def)             Requested size: 390.0pt x 265.77303pt.
 [7 <./figures/gpcr_param_gluts.png>] [8 <./figures/gpcr_param_times.png>]
<figures/full_pulse_comparison.png, id=46, 1416.29124pt x 671.50874pt>
File: figures/full_pulse_comparison.png Graphic file (type png)
<use figures/full_pulse_comparison.png>
Package pdftex.def Info: figures/full_pulse_comparison.png  used on input line 
141.
(pdftex.def)             Requested size: 390.0pt x 184.90627pt.
<figures/full_double_bath_comparison.png, id=47, 1416.29124pt x 671.50874pt>
File: figures/full_double_bath_comparison.png Graphic file (type png)
<use figures/full_double_bath_comparison.png>
Package pdftex.def Info: figures/full_double_bath_comparison.png  used on input
 line 148.
(pdftex.def)             Requested size: 390.0pt x 184.90627pt.
 [9 <./figures/full_pulse_comparison.png>]
<figures/full_spritz_comparison.png, id=52, 1416.29124pt x 671.50874pt>
File: figures/full_spritz_comparison.png Graphic file (type png)
<use figures/full_spritz_comparison.png>
Package pdftex.def Info: figures/full_spritz_comparison.png  used on input line
 155.
(pdftex.def)             Requested size: 390.0pt x 184.90627pt.
[10 <./figures/full_double_bath_comparison.png> <./figures/full_spritz_comparis
on.png>]
<figures/full_double_bath_comparison2.png, id=58, 1416.29124pt x 671.50874pt>
File: figures/full_double_bath_comparison2.png Graphic file (type png)
<use figures/full_double_bath_comparison2.png>
Package pdftex.def Info: figures/full_double_bath_comparison2.png  used on inpu
t line 166.
(pdftex.def)             Requested size: 390.0pt x 184.90627pt.
<figures/ip3_classification.png, id=59, 722.7pt x 722.7pt>
File: figures/ip3_classification.png Graphic file (type png)
<use figures/ip3_classification.png>
Package pdftex.def Info: figures/ip3_classification.png  used on input line 178
.
(pdftex.def)             Requested size: 234.00238pt x 234.00354pt.
 [11 <./figures/full_double_bath_comparison2.png>]
<figures/SP_example.png, id=64, 578.16pt x 578.16pt>
File: figures/SP_example.png Graphic file (type png)
<use figures/SP_example.png>
Package pdftex.def Info: figures/SP_example.png  used on input line 185.
(pdftex.def)             Requested size: 117.00119pt x 116.99736pt.
<figures/MP_example.png, id=65, 578.16pt x 578.16pt>
File: figures/MP_example.png Graphic file (type png)
<use figures/MP_example.png>
Package pdftex.def Info: figures/MP_example.png  used on input line 186.
(pdftex.def)             Requested size: 117.00119pt x 116.99736pt.
<figures/PL_example.png, id=66, 578.16pt x 578.16pt>
File: figures/PL_example.png Graphic file (type png)
<use figures/PL_example.png>
Package pdftex.def Info: figures/PL_example.png  used on input line 187.
(pdftex.def)             Requested size: 117.00119pt x 116.99736pt.
 [12 <./figures/ip3_classification.png> <./figures/SP_example.png> <./figures/M
P_example.png> <./figures/PL_example.png>]
<figures/glut_classification.png, id=74, 722.7pt x 722.7pt>
File: figures/glut_classification.png Graphic file (type png)
<use figures/glut_classification.png>
Package pdftex.def Info: figures/glut_classification.png  used on input line 19
8.
(pdftex.def)             Requested size: 175.49881pt x 175.49162pt.
<figures/glut_classification_new2.png, id=75, 722.7pt x 722.7pt>
File: figures/glut_classification_new2.png Graphic file (type png)
<use figures/glut_classification_new2.png>
Package pdftex.def Info: figures/glut_classification_new2.png  used on input li
ne 199.
(pdftex.def)             Requested size: 175.49881pt x 175.49162pt.
File: figures/ip3_classification.png Graphic file (type png)
<use figures/ip3_classification.png>
Package pdftex.def Info: figures/ip3_classification.png  used on input line 206
.
(pdftex.def)             Requested size: 175.49881pt x 175.49162pt.
File: figures/glut_classification_new2.png Graphic file (type png)
<use figures/glut_classification_new2.png>
Package pdftex.def Info: figures/glut_classification_new2.png  used on input li
ne 207.
(pdftex.def)             Requested size: 175.49881pt x 175.49162pt.
 [13 <./figures/glut_classification.png> <./figures/glut_classification_new2.pn
g>] [14] (progress_report_12-12-2020.bbl) [15]
(progress_report_12-12-2020.aux)

LaTeX Warning: Label(s) may have changed. Rerun to get cross-references right.

 ) 
Here is how much of TeX's memory you used:
 2698 strings out of 493305
 37349 string characters out of 3138877
 100326 words of memory out of 3000000
 6205 multiletter control sequences out of 15000+200000
 10280 words of font info for 37 fonts, out of 3000000 for 9000
 1141 hyphenation exceptions out of 8191
 41i,9n,35p,812b,228s stack positions out of 5000i,500n,10000p,200000b,50000s
<C:/Program Files/MiKTeX 2.9/fonts/type1/public/amsfonts/cm/cmbx12.pfb><C:/Pr
ogram Files/MiKTeX 2.9/fonts/type1/public/amsfonts/cm/cmmi10.pfb><C:/Program Fi
les/MiKTeX 2.9/fonts/type1/public/amsfonts/cm/cmmi12.pfb><C:/Program Files/MiKT
eX 2.9/fonts/type1/public/amsfonts/cm/cmmi8.pfb><C:/Program Files/MiKTeX 2.9/fo
nts/type1/public/amsfonts/cm/cmr10.pfb><C:/Program Files/MiKTeX 2.9/fonts/type1
/public/amsfonts/cm/cmr12.pfb><C:/Program Files/MiKTeX 2.9/fonts/type1/public/a
msfonts/cm/cmr17.pfb><C:/Program Files/MiKTeX 2.9/fonts/type1/public/amsfonts/c
m/cmr8.pfb><C:/Program Files/MiKTeX 2.9/fonts/type1/public/amsfonts/cm/cmsy10.p
fb><C:/Program Files/MiKTeX 2.9/fonts/type1/public/amsfonts/cm/cmsy8.pfb><C:/Pr
ogram Files/MiKTeX 2.9/fonts/type1/public/amsfonts/cm/cmti12.pfb>
Output written on progress_report_12-12-2020.pdf (15 pages, 914503 bytes).
PDF statistics:
 124 PDF objects out of 1000 (max. 8388607)
 0 named destinations out of 1000 (max. 500000)
 76 words of extra memory for PDF output out of 10000 (max. 10000000)

